{"numFailedTestSuites":0,"numFailedTests":0,"numPassedTestSuites":1,"numPassedTests":7,"numPendingTestSuites":0,"numPendingTests":0,"numRuntimeErrorTestSuites":0,"numTotalTestSuites":1,"numTotalTests":7,"openHandles":[],"snapshot":{"added":0,"didUpdate":false,"failure":false,"filesAdded":0,"filesRemoved":0,"filesUnmatched":0,"filesUpdated":0,"matched":0,"total":0,"unchecked":0,"uncheckedKeysByFile":[],"unmatched":0,"updated":0},"startTime":1586111877129,"success":true,"testResults":[{"assertionResults":[{"ancestorTitles":["Push Menu","Defaults"],"failureMessages":[],"fullName":"Push Menu Defaults Displays a button control","location":null,"status":"passed","title":"Displays a button control"},{"ancestorTitles":["Push Menu","Defaults"],"failureMessages":[],"fullName":"Push Menu Defaults Doesn't display menu","location":null,"status":"passed","title":"Doesn't display menu"},{"ancestorTitles":["Push Menu","Controls"],"failureMessages":[],"fullName":"Push Menu Controls Displays menu on odd click","location":null,"status":"passed","title":"Displays menu on odd click"},{"ancestorTitles":["Push Menu","Controls"],"failureMessages":[],"fullName":"Push Menu Controls Doesn't display menu on even click","location":null,"status":"passed","title":"Doesn't display menu on even click"},{"ancestorTitles":["Push Menu","Content"],"failureMessages":[],"fullName":"Push Menu Content Displays logo","location":null,"status":"passed","title":"Displays logo"},{"ancestorTitles":["Push Menu","Content"],"failureMessages":[],"fullName":"Push Menu Content Displays page links","location":null,"status":"passed","title":"Displays page links"},{"ancestorTitles":["Push Menu","Content"],"failureMessages":[],"fullName":"Push Menu Content Closes menu on link click","location":null,"status":"passed","title":"Closes menu on link click"}],"endTime":1586111879600,"message":"","name":"/Users/squirec/Documents/GitHub/fd-website/test/components/push-menu.spec.js","startTime":1586111878974,"status":"passed","summary":""}],"wasInterrupted":false}