{"numFailedTestSuites":0,"numFailedTests":0,"numPassedTestSuites":1,"numPassedTests":1,"numPendingTestSuites":0,"numPendingTests":0,"numRuntimeErrorTestSuites":0,"numTotalTestSuites":1,"numTotalTests":1,"openHandles":[],"snapshot":{"added":0,"didUpdate":false,"failure":false,"filesAdded":0,"filesRemoved":0,"filesUnmatched":0,"filesUpdated":0,"matched":0,"total":0,"unchecked":0,"uncheckedKeysByFile":[],"unmatched":0,"updated":0},"startTime":1572337532648,"success":true,"testResults":[{"assertionResults":[{"ancestorTitles":["App","content"],"failureMessages":[],"fullName":"App content renders a message","location":null,"status":"passed","title":"renders a message"}],"endTime":1572337534214,"message":"","name":"/Users/squirec/Documents/GitHub/fd-website/test/components/App.spec.js","startTime":1572337533866,"status":"passed","summary":""}],"wasInterrupted":false}